<?xml version="1.0" encoding="UTF-8"?>
<!-- Generated by org.testng.reporters.JUnitXMLReporter -->
<testsuite ignored="12" hostname="Amiruls-MacBook-Pro.local" failures="0" tests="7" name="Test" time="154.055" errors="0" timestamp="2022-07-13T03:41:42 BDT">
  <testcase classname="TestCasePackageAdvance.TC002_CheckBoxAndRadioButton" name="checkBoxAndRadio" time="14.668"/>
  <testcase classname="TestCasePackageAdvance.TC004_DropDown" name="selectValueFromDropDown" time="26.239"/>
  <testcase classname="TestCasePackageAdvance.TC001_LocatorAdvanceTestCase" name="Locator" time="28.007"/>
  <testcase classname="TestCasePackageAdvance.TC006_Scroll" name="scrollBottomTopSpecificIteam" time="30.106"/>
  <testcase classname="TestCasePackageAdvance.TC005_Refresh" name="refreshAndNavigation" time="21.335"/>
  <testcase classname="TestCasePackageAdvance.TC003_PageTitleAndSecuredPage" name="verifySecurity" time="5.027"/>
  <testcase classname="TestCasePackageAdvance.TC003_PageTitleAndSecuredPage" name="verifyTitle" time="11.441"/>
  <testcase classname="driverPackage.BaseDriver" name="@BeforeSuite setUp" time="0.0">
    <ignored/>
  </testcase> <!-- @BeforeSuite setUp -->
  <testcase classname="driverPackage.BaseDriver" name="@BeforeSuite setUp" time="0.0">
    <ignored/>
  </testcase> <!-- @BeforeSuite setUp -->
  <testcase classname="driverPackage.BaseDriver" name="@BeforeSuite setUp" time="0.0">
    <ignored/>
  </testcase> <!-- @BeforeSuite setUp -->
  <testcase classname="driverPackage.BaseDriver" name="@BeforeSuite setUp" time="0.0">
    <ignored/>
  </testcase> <!-- @BeforeSuite setUp -->
  <testcase classname="driverPackage.BaseDriver" name="@BeforeSuite setUp" time="0.0">
    <ignored/>
  </testcase> <!-- @BeforeSuite setUp -->
  <testcase classname="driverPackage.BaseDriver" name="@BeforeSuite setUp" time="0.0">
    <ignored/>
  </testcase> <!-- @BeforeSuite setUp -->
  <testcase classname="driverPackage.BaseDriver" name="@AfterSuite close" time="0.0">
    <ignored/>
  </testcase> <!-- @AfterSuite close -->
  <testcase classname="driverPackage.BaseDriver" name="@AfterSuite close" time="0.0">
    <ignored/>
  </testcase> <!-- @AfterSuite close -->
  <testcase classname="driverPackage.BaseDriver" name="@AfterSuite close" time="0.0">
    <ignored/>
  </testcase> <!-- @AfterSuite close -->
  <testcase classname="driverPackage.BaseDriver" name="@AfterSuite close" time="0.0">
    <ignored/>
  </testcase> <!-- @AfterSuite close -->
  <testcase classname="driverPackage.BaseDriver" name="@AfterSuite close" time="0.0">
    <ignored/>
  </testcase> <!-- @AfterSuite close -->
  <testcase classname="driverPackage.BaseDriver" name="@AfterSuite close" time="0.0">
    <ignored/>
  </testcase> <!-- @AfterSuite close -->
</testsuite> <!-- Test -->
